<?xml version="1.0" encoding="UTF-8"?>
<testsuite name="CalculateWinnerTest" tests="9" skipped="0" failures="0" errors="0" timestamp="2016-01-06T19:41:32" hostname="epicodus-29.local" time="0.003">
  <properties/>
  <testcase name="calculateWinner_Player1RockPlayer2Paper2PlayerMode_Player2" classname="CalculateWinnerTest" time="0.002"/>
  <testcase name="calculateWinner_Player1RockPlayer2Rock2PlayerMode_tie" classname="CalculateWinnerTest" time="0.0"/>
  <testcase name="calculateWinner_Player1paperPlayer2paper2PlayerMode_tie" classname="CalculateWinnerTest" time="0.0"/>
  <testcase name="calculateWinner_Player1RockPlayer2Scissors2PlayerMode_Player1" classname="CalculateWinnerTest" time="0.0"/>
  <testcase name="calculateWinner_Player1PaperPlayer2Scissors2PlayerMode_Player2" classname="CalculateWinnerTest" time="0.0"/>
  <testcase name="calculateWinner_Player1ScissorsPlayer2Scissor2PlayerMode_tie" classname="CalculateWinnerTest" time="0.0"/>
  <testcase name="calculateWinner_Player1ScissorsPlayer2Rock2PlayerMode_player2" classname="CalculateWinnerTest" time="0.0"/>
  <testcase name="calculateWinner_Player1ScissorsPlayer2paper2PlayerMode_player1" classname="CalculateWinnerTest" time="0.0"/>
  <testcase name="calculateWinner_Player1PaperPlayer2Rock2PlayerMode_Player1" classname="CalculateWinnerTest" time="0.0"/>
  <system-out><![CDATA[]]></system-out>
  <system-err><![CDATA[]]></system-err>
</testsuite>
